Arguments: 
  /usr/local/bin/node /usr/local/Cellar/yarn/1.5.1_1/libexec/bin/yarn.js start

PATH: 
  /anaconda/bin:/usr/local/sbin:/usr/local/php5-7.0.18-20170506-095200/bin:/usr/local/bin:/usr/bin:/bin:/usr/sbin:/sbin:/usr/local/go/bin

Yarn version: 
  1.5.1

Node version: 
  9.10.0

Platform: 
  darwin x64

npm manifest: 
  {
    "name": "react-pwa-guide-kit",
    "version": "1.0.0",
    "description": "Progressive Web App with React.js",
    "author": "ragingwind",
    "license": "MIT",
    "scripts": {
      "start": "webpack-dev-server --https",
      "prestart": "opn https://0.0.0.0:8080 -- 'google chrome' --incognito --ignore-certificate-errors --unsafely-treat-insecure-origin-as-secure=https://0.0.0.0:8080",
      "build": "rm -rf build && webpack --env.production",
      "build:debug": "rm -rf build && webpack",
      "deploy": "npm run build && firebase deploy",
      "analyze": "webpack --env.production --profile --json > ./node_modules/.bundle-data.json && webpack-bundle-analyzer ./node_modules/.bundle-data.json"
    },
    "dependencies": {
      "ejs": "^2.5.7",
      "firebase": "^4.8.0",
      "material-ui": "^0.19.2",
      "opn": "^5.1.0",
      "react": "^15.6.1",
      "react-dom": "^15.6.1",
      "react-lite": "^0.15.38",
      "react-router-dom": "4.2.2",
      "react-tap-event-plugin": "^2.0.1"
    },
    "devDependencies": {
      "babel-core": "^6.26.0",
      "babel-loader": "^7.1.2",
      "babel-plugin-syntax-dynamic-import": "^6.18.0",
      "babel-plugin-transform-imports": "^1.4.1",
      "babel-preset-env": "^1.6.0",
      "babel-preset-react-app": "^3.0.2",
      "copy-webpack-plugin": "^4.0.1",
      "dotenv-safe": "^4.0.4",
      "html-webpack-plugin": "^2.30.1",
      "inline-chunk-manifest-html-webpack-plugin": "^1.1.1",
      "preload-webpack-plugin": "^2.0.0",
      "sw-precache": "^5.2.0",
      "sw-precache-webpack-plugin-loader": "^1.0.2",
      "webpack": "^3.6.0",
      "webpack-bundle-analyzer": "^2.9.0",
      "webpack-dev-server": "^2.8.2",
      "opn-cli": "^3.1.0"
    }
  }

yarn manifest: 
  No manifest

Lockfile: 
  No lockfile

Trace: 
  Error: Command failed.
  Exit code: 127
  Command: sh
  Arguments: -c opn https://0.0.0.0:8080 -- 'google chrome' --incognito --ignore-certificate-errors --unsafely-treat-insecure-origin-as-secure=https://0.0.0.0:8080
  Directory: /private/var/projects/react/react-todo-pwa
  Output:
  
      at ProcessTermError.MessageError (/usr/local/Cellar/yarn/1.5.1_1/libexec/lib/cli.js:186:110)
      at new ProcessTermError (/usr/local/Cellar/yarn/1.5.1_1/libexec/lib/cli.js:226:113)
      at ChildProcess.<anonymous> (/usr/local/Cellar/yarn/1.5.1_1/libexec/lib/cli.js:30281:17)
      at ChildProcess.emit (events.js:180:13)
      at maybeClose (internal/child_process.js:936:16)
      at Process.ChildProcess._handle.onexit (internal/child_process.js:220:5)
